//n//groups//gentb_www//predictData//tbdata_00000835//TSVC_variants_IonXpress_017 (2).vcf
//n//groups//gentb_www//predictData//tbdata_00001085//Sample No 3211379_IonXpress_021.vcf
Serialsamples.XD00998454.dedup_reads.bam.indelqualed_reads.bam.vars.vcf
//n//groups//gentb_www//predictData//tbdata_00001293//8-2018 QC_IonXpress_028.vcf
Serialsamples.XD00428048.dedup_reads.bam.indelqualed_reads.bam.vars.vcf
//n//groups//gentb_www//predictData//tbdata_00001085//Sample No 321528_IonXpress_018.vcf
//n//groups//gentb_www//predictData//tbdata_00001085//Sample No 321262_ionXpress_017.vcf
Serialsamples.XD00922398.dedup_reads.bam.indelqualed_reads.bam.vars.vcf
//n//groups//gentb_www//predictData//tbdata_00001085//Sample No 3211380_IonXpress_022.vcf
//n//groups//gentb_www//predictData//tbdata_00000580//TSVC_variants_IonXpress_001.vcf.gz
TB-444-213-19_S94_R.all.vcf
TB-444-80-19_S256_R.all.vcf
//n//groups//gentb_www//predictData//tbdata_00001085//Sample No 3211198_IonXpress_020.vcf
Serialsamples.XD00481853.dedup_reads.bam.indelqualed_reads.bam.vars.vcf
//n//groups//gentb_www//predictData//tbdata_00000987//Sample No 321769_IonXpress_019.vcf
//n//groups//gentb_www//predictData//tbdata_00000991//Sample No 3212401_IonXpress_023.vcf
//n//groups//gentb_www//predictData//tbdata_00000992//Sample No 3213465_IonXpress_024.vcf
//n//groups//gentb_www//predictData//tbdata_00000993//TSVC_variants_IonXpress_017 (3).vcf
BORA_4.vcf
BORA_6.vcf
Serialsamples.XD00946217.dedup_reads.bam.indelqualed_reads.bam.vars.vcf
BORA_14.vcf
BORA_18.vcf
BORA_15.vcf
BORA_16.vcf
Serialsamples.XD00934751.dedup_reads.bam.indelqualed_reads.bam.vars.vcf
Serialsamples.XD00944188.dedup_reads.bam.indelqualed_reads.bam.vars.vcf
BORA_27.vcf
BORA_24.vcf
BORA_26.vcf
BORA_23.vcf
BORA_22.vcf
BORA_30.vcf
BORA_21.vcf
BORA_28.vcf
BORA_29.vcf
BORA_38.vcf
BORA_37.vcf
TB-MoldovaSeq-DNA005-516_S5_ndc.vcf
TB-MoldovaSeq-DNA0294-4695_S297_ndc.vcf
TB-MoldovaSeq-DNA0272-3051_S82_ndc.vcf
TB-MoldovaSeq-DNA0256-4412_S66_ndc.vcf
TB-MoldovaSeq-DNA093-887_S93_ndc.vcf
TB-MoldovaSeq-DNA0330-5305_S333_ndc.vcf
TB-MoldovaSeq-DNA0310-3312_S313_ndc.vcf
TB-MoldovaSeq-DNA0295-1229_S298_ndc.vcf
TB-MoldovaSeq-DNA0299-4999_S302_ndc.vcf
TB-MoldovaSeq-DNA0223-2292_S33_ndc.vcf
TB-MoldovaSeq-DNA0194-2350_S4_ndc.vcf
TB-MoldovaSeq-DNA026-12_S26_ndc.vcf
TB-MoldovaSeq-DNA057-674_S57_ndc.vcf
TB-MoldovaSeq-DNA173-2332_S174_ndc.vcf
TB-MoldovaSeq-DNA0284-4250_S94_ndc.vcf
TB-MoldovaSeq-DNA0196-1878_S6_ndc.vcf
TB-MoldovaSeq-DNA0292-4416_S295_ndc.vcf
TB-MoldovaSeq-DNA0241-2352_S51_ndc.vcf
TB-MoldovaSeq-DNA0316-4135_S319_ndc.vcf
Serialsamples.XD00912003.dedup_reads.bam.indelqualed_reads.bam.vars.vcf
TB-111-18660-18-138_S11_R.all.vcf
TB-111-17827-18_S136_R.all.vcf
TB-111-19690-18_S174_R.all.vcf
TB-111-19597-18_S76_R.all.vcf
TB-111-17928-19_S69_R.all.vcf
TB-111-16595-18-138_S100_R.all.vcf
TB-111-20412-18_S17_R.all.vcf
TB-111-16594-18_S127_R.all.vcf
TB-111-19680-19_S148_R.all.vcf
TB-111-16603-18_S112_R.all.vcf
TB-111-16652-18_S134_R.all.vcf
Number of unique strainIDs that had nonempty .jsons:8137
Total number of nonempty .jsons submitted:17180
